<?xml version="1.0" encoding="UTF-8"?>
<!-- Generated by org.testng.reporters.JUnitReportReporter -->
<testsuite hostname="DESKTOP-O5FPK5O" failures="0" tests="2" name="com.TestNG.TestNGFeature" time="53.186" errors="0" timestamp="2025-05-19T16:34:40 IST" skipped="0">
  <testcase classname="com.TestNG.TestNGFeature" name="google" time="28.855"/>
  <testcase classname="com.TestNG.TestNGFeature" name="facebook" time="24.331"/>
</testsuite> <!-- com.TestNG.TestNGFeature -->
