<?xml version="1.0" encoding="UTF-8"?>
<!-- Generated by org.testng.reporters.JUnitReportReporter -->
<testsuite hostname="DESKTOP-O5FPK5O" failures="0" tests="4" name="com.executor.Runner" time="30.372" errors="0" timestamp="2025-06-03T20:36:57 IST" skipped="0">
  <testcase classname="com.executor.Runner" name="runScenario" time="5.103"/>
  <testcase classname="com.executor.Runner" name="runScenario" time="8.737"/>
  <testcase classname="com.executor.Runner" name="runScenario" time="8.282"/>
  <testcase classname="com.executor.Runner" name="runScenario" time="8.250"/>
</testsuite> <!-- com.executor.Runner -->
