<?xml version="1.0" encoding="UTF-8"?>
<!-- Generated by org.testng.reporters.JUnitReportReporter -->
<testsuite hostname="DESKTOP-O5FPK5O" failures="0" tests="2" name="com.TestNG.TestNGFeature" time="55.630" errors="0" timestamp="2025-06-16T20:52:40 IST" skipped="0">
  <testcase classname="com.TestNG.TestNGFeature" name="facebook" time="27.438"/>
  <testcase classname="com.TestNG.TestNGFeature" name="google" time="28.192"/>
</testsuite> <!-- com.TestNG.TestNGFeature -->
